* using log directory ‘/Users/knovas94/synoptReg/synoptReg.Rcheck’
* using R version 3.5.1 (2018-07-02)
* using platform: x86_64-apple-darwin15.6.0 (64-bit)
* using session charset: UTF-8
* using option ‘--as-cran’
* checking for file ‘synoptReg/DESCRIPTION’ ... OK
* checking extension type ... Package
* this is package ‘synoptReg’ version ‘0.1.0’
* package encoding: UTF-8
* checking CRAN incoming feasibility ... NOTE
Maintainer: ‘Marc Lemus-Canovas <mlemus@ub.edu>’

Found the following (possibly) invalid URLs:
  URL: http://apps.ecmwf.int/datasets/data/era20c-daily/levtype=sfc/type=an/
    From: man/mslp.Rd
    Status: Error
    Message: libcurl error code 6:
      	Could not resolve host: apps.ecmwf.int
  URL: http://digital.csic.es/handle/10261/141218
    From: man/precp_grid.Rd
    Status: Error
    Message: libcurl error code 6:
      	Could not resolve host: digital.csic.es

The Title field should be in title case, current version then in title case:
‘Synoptic Climate Classification and spatial regionalization of environmental data’
‘Synoptic Climate Classification and Spatial Regionalization of Environmental Data’

Size of tarball: 10709383 bytes
* checking package namespace information ... OK
* checking package dependencies ... OK
* checking if this is a source package ... OK
* checking if there is a namespace ... OK
* checking for executable files ... OK
* checking for hidden files and directories ... OK
* checking for portable file names ... OK
* checking for sufficient/correct file permissions ... OK
* checking serialization versions ... OK
* checking whether package ‘synoptReg’ can be installed ... OK
* checking installed package size ... NOTE
  installed size is 29.2Mb
  sub-directories of 1Mb or more:
    data  29.1Mb
* checking package directory ... OK
* checking DESCRIPTION meta-information ... OK
* checking top-level files ... OK
* checking for left-over files ... OK
* checking index information ... OK
* checking package subdirectories ... OK
* checking R files for non-ASCII characters ... OK
* checking R files for syntax errors ... OK
* checking whether the package can be loaded ... OK
* checking whether the package can be loaded with stated dependencies ... OK
* checking whether the package can be unloaded cleanly ... OK
* checking whether the namespace can be loaded with stated dependencies ... OK
* checking whether the namespace can be unloaded cleanly ... OK
* checking loading without being on the library search path ... OK
* checking use of S3 registration ... OK
* checking dependencies in R code ... OK
* checking S3 generic/method consistency ... OK
* checking replacement functions ... OK
* checking foreign function calls ... OK
* checking R code for possible problems ... OK
* checking Rd files ... OK
* checking Rd metadata ... OK
* checking Rd line widths ... OK
* checking Rd cross-references ... OK
* checking for missing documentation entries ... OK
* checking for code/documentation mismatches ... OK
* checking Rd \usage sections ... OK
* checking Rd contents ... OK
* checking for unstated dependencies in examples ... OK
* checking contents of ‘data’ directory ... OK
* checking data for non-ASCII characters ... OK
* checking data for ASCII and uncompressed saves ... OK
* checking examples ... NOTE
Examples with CPU or elapsed time > 5s
                    user system elapsed
cwt_env_raststack 15.950  0.411  16.379
plot_env          15.019  0.308  15.396
plot_clas         14.969  0.272  15.327
synoptclas        14.223  0.240  14.491
pca_decision      14.009  0.233  14.250
* checking PDF version of manual ... WARNING
LaTeX errors when creating PDF version.
This typically indicates Rd problems.
* checking PDF version of manual without hyperrefs or index ... ERROR
Re-running with no redirection of stdout/stderr.
* DONE
Status: 1 ERROR, 1 WARNING, 3 NOTEs
